{
  "RSpec": {
    "coverage": {
      "/Users/rougetsall/Desktop/simruby-ruby/gazooyr/app/models/user.rb": [
        1,
        null,
        null,
        1,
        null,
        null,
        1,
        null
      ],
      "/Users/rougetsall/Desktop/simruby-ruby/gazooyr/app/models/application_record.rb": [
        1,
        1,
        null
      ],
      "/Users/rougetsall/Desktop/simruby-ruby/gazooyr/app/helpers/application_helper.rb": [
        1,
        null
      ],
      "/Users/rougetsall/Desktop/simruby-ruby/gazooyr/app/helpers/comments_helper.rb": [
        1,
        null
      ],
      "/Users/rougetsall/Desktop/simruby-ruby/gazooyr/app/helpers/gazooys_helper.rb": [
        1,
        null
      ],
      "/Users/rougetsall/Desktop/simruby-ruby/gazooyr/app/helpers/hash_tags_helper.rb": [
        1,
        null
      ],
      "/Users/rougetsall/Desktop/simruby-ruby/gazooyr/app/helpers/home_helper.rb": [
        1,
        null
      ],
      "/Users/rougetsall/Desktop/simruby-ruby/gazooyr/app/helpers/news_helper.rb": [
        1,
        null
      ],
      "/Users/rougetsall/Desktop/simruby-ruby/gazooyr/app/helpers/pages_helper.rb": [
        1,
        null
      ],
      "/Users/rougetsall/Desktop/simruby-ruby/gazooyr/app/helpers/profiles_helper.rb": [
        1,
        null
      ],
      "/Users/rougetsall/Desktop/simruby-ruby/gazooyr/app/helpers/tweets_helper.rb": [
        1,
        null
      ],
      "/Users/rougetsall/Desktop/simruby-ruby/gazooyr/app/helpers/users_helper.rb": [
        1,
        null
      ],
      "/Users/rougetsall/Desktop/simruby-ruby/gazooyr/app/controllers/application_controller.rb": [
        1,
        1,
        null,
        1,
        null,
        1,
        22,
        null,
        null
      ],
      "/Users/rougetsall/Desktop/simruby-ruby/gazooyr/app/controllers/home_controller.rb": [
        1,
        1,
        11,
        11,
        null,
        null,
        null,
        null,
        null,
        null,
        null,
        null,
        null,
        null,
        null,
        null
      ],
      "/Users/rougetsall/Desktop/simruby-ruby/gazooyr/app/mailers/application_mailer.rb": [
        0,
        0,
        0,
        0
      ],
      "/Users/rougetsall/Desktop/simruby-ruby/gazooyr/app/models/news.rb": [
        0,
        0
      ],
      "/Users/rougetsall/Desktop/simruby-ruby/gazooyr/app/models/hash_tag.rb": [
        0,
        0
      ],
      "/Users/rougetsall/Desktop/simruby-ruby/gazooyr/app/models/model.rb": [
        0,
        null,
        null,
        0,
        0,
        0
      ],
      "/Users/rougetsall/Desktop/simruby-ruby/gazooyr/app/models/page.rb": [
        0,
        0
      ],
      "/Users/rougetsall/Desktop/simruby-ruby/gazooyr/app/models/tweet.rb": [
        0,
        0,
        0
      ],
      "/Users/rougetsall/Desktop/simruby-ruby/gazooyr/app/models/profile.rb": [
        0,
        0
      ],
      "/Users/rougetsall/Desktop/simruby-ruby/gazooyr/app/models/comment.rb": [
        0,
        0
      ],
      "/Users/rougetsall/Desktop/simruby-ruby/gazooyr/app/models/gazooy.rb": [
        0,
        0
      ],
      "/Users/rougetsall/Desktop/simruby-ruby/gazooyr/app/jobs/application_job.rb": [
        0,
        0
      ],
      "/Users/rougetsall/Desktop/simruby-ruby/gazooyr/app/controllers/news_controller.rb": [
        0,
        0,
        null,
        null,
        null,
        0,
        0,
        0,
        null,
        null,
        null,
        0,
        0,
        null,
        null,
        0,
        0,
        0,
        null,
        null,
        0,
        0,
        null,
        null,
        null,
        0,
        0,
        null,
        0,
        0,
        0,
        0,
        0,
        0,
        0,
        0,
        0,
        0,
        null,
        null,
        null,
        0,
        0,
        0,
        0,
        0,
        0,
        0,
        0,
        0,
        0,
        0,
        null,
        null,
        null,
        0,
        0,
        0,
        0,
        0,
        0,
        0,
        null,
        0,
        null,
        0,
        0,
        0,
        null,
        null,
        0,
        0,
        0,
        0
      ],
      "/Users/rougetsall/Desktop/simruby-ruby/gazooyr/app/controllers/hash_tags_controller.rb": [
        0,
        0,
        null,
        null,
        null,
        0,
        0,
        0,
        null,
        null,
        null,
        0,
        0,
        null,
        null,
        0,
        0,
        0,
        null,
        null,
        0,
        0,
        null,
        null,
        null,
        0,
        0,
        null,
        0,
        0,
        0,
        0,
        0,
        0,
        0,
        0,
        0,
        0,
        null,
        null,
        null,
        0,
        0,
        0,
        0,
        0,
        0,
        0,
        0,
        0,
        0,
        0,
        null,
        null,
        null,
        0,
        0,
        0,
        0,
        0,
        0,
        0,
        null,
        0,
        null,
        0,
        0,
        0,
        null,
        null,
        0,
        0,
        0,
        0
      ],
      "/Users/rougetsall/Desktop/simruby-ruby/gazooyr/app/controllers/comments_controller.rb": [
        0,
        0,
        null,
        null,
        null,
        0,
        0,
        0,
        null,
        null,
        null,
        0,
        0,
        null,
        null,
        0,
        0,
        0,
        null,
        null,
        0,
        0,
        null,
        null,
        null,
        0,
        0,
        null,
        0,
        0,
        0,
        0,
        0,
        0,
        0,
        0,
        0,
        0,
        null,
        null,
        null,
        0,
        0,
        0,
        0,
        0,
        0,
        0,
        0,
        0,
        0,
        0,
        null,
        null,
        null,
        0,
        0,
        0,
        0,
        0,
        0,
        0,
        null,
        0,
        null,
        0,
        0,
        0,
        null,
        null,
        0,
        0,
        0,
        0
      ],
      "/Users/rougetsall/Desktop/simruby-ruby/gazooyr/app/controllers/pages_controller.rb": [
        0,
        0,
        null,
        null,
        null,
        0,
        0,
        0,
        null,
        null,
        null,
        0,
        0,
        null,
        null,
        0,
        0,
        0,
        null,
        null,
        0,
        0,
        null,
        null,
        null,
        0,
        0,
        null,
        0,
        0,
        0,
        0,
        0,
        0,
        0,
        0,
        0,
        0,
        null,
        null,
        null,
        0,
        0,
        0,
        0,
        0,
        0,
        0,
        0,
        0,
        0,
        0,
        null,
        null,
        null,
        0,
        0,
        0,
        0,
        0,
        0,
        0,
        null,
        0,
        null,
        0,
        0,
        0,
        null,
        null,
        0,
        0,
        0,
        0
      ],
      "/Users/rougetsall/Desktop/simruby-ruby/gazooyr/app/controllers/profiles_controller.rb": [
        0,
        0,
        null,
        null,
        null,
        0,
        0,
        0,
        null,
        null,
        null,
        0,
        0,
        null,
        null,
        0,
        0,
        0,
        null,
        null,
        0,
        0,
        null,
        null,
        null,
        0,
        0,
        null,
        0,
        0,
        0,
        0,
        0,
        0,
        0,
        0,
        0,
        0,
        null,
        null,
        null,
        0,
        0,
        0,
        0,
        0,
        0,
        0,
        0,
        0,
        0,
        0,
        null,
        null,
        null,
        0,
        0,
        0,
        0,
        0,
        0,
        0,
        null,
        0,
        null,
        0,
        0,
        0,
        null,
        null,
        0,
        0,
        0,
        0
      ],
      "/Users/rougetsall/Desktop/simruby-ruby/gazooyr/app/controllers/users_controller.rb": [
        0,
        0,
        null,
        null,
        null,
        0,
        0,
        0,
        null,
        null,
        null,
        0,
        0,
        null,
        null,
        0,
        0,
        0,
        null,
        null,
        0,
        0,
        null,
        null,
        null,
        0,
        0,
        null,
        0,
        0,
        0,
        0,
        0,
        0,
        0,
        0,
        0,
        0,
        null,
        null,
        null,
        0,
        0,
        0,
        0,
        0,
        0,
        0,
        0,
        0,
        0,
        0,
        null,
        null,
        null,
        0,
        0,
        0,
        0,
        0,
        0,
        0,
        null,
        0,
        null,
        0,
        0,
        0,
        null,
        null,
        0,
        0,
        0,
        0
      ],
      "/Users/rougetsall/Desktop/simruby-ruby/gazooyr/app/controllers/gazooys_controller.rb": [
        0,
        0,
        null,
        null,
        null,
        0,
        0,
        0,
        null,
        null,
        null,
        0,
        0,
        null,
        null,
        0,
        0,
        0,
        null,
        null,
        0,
        0,
        null,
        null,
        null,
        0,
        0,
        null,
        0,
        0,
        0,
        0,
        0,
        0,
        0,
        0,
        0,
        0,
        null,
        null,
        null,
        0,
        0,
        0,
        0,
        0,
        0,
        0,
        0,
        0,
        0,
        0,
        null,
        null,
        null,
        0,
        0,
        0,
        0,
        0,
        0,
        0,
        null,
        0,
        null,
        0,
        0,
        0,
        null,
        null,
        0,
        0,
        0,
        0
      ],
      "/Users/rougetsall/Desktop/simruby-ruby/gazooyr/app/controllers/tweets_controller.rb": [
        0,
        0,
        null,
        null,
        null,
        0,
        null,
        null,
        0,
        0,
        null,
        null,
        null,
        0,
        0,
        null,
        null,
        0,
        0,
        0,
        null,
        null,
        0,
        0,
        null,
        null,
        null,
        0,
        0,
        0,
        0,
        0,
        0,
        0,
        0,
        0,
        0,
        0,
        0,
        0,
        null,
        null,
        null,
        0,
        0,
        0,
        0,
        0,
        0,
        0,
        0,
        0,
        0,
        0,
        null,
        null,
        null,
        0,
        0,
        0,
        0,
        0,
        0,
        0,
        null,
        0,
        null,
        0,
        0,
        0,
        null,
        null,
        0,
        0,
        0,
        0
      ],
      "/Users/rougetsall/Desktop/simruby-ruby/gazooyr/app/channels/application_cable/connection.rb": [
        0,
        0,
        0,
        0
      ],
      "/Users/rougetsall/Desktop/simruby-ruby/gazooyr/app/channels/application_cable/channel.rb": [
        0,
        0,
        0,
        0
      ]
    },
    "timestamp": 1554136479
  }
}
